
> react-kavia@0.1.0 start
> react-scripts start

(node:1093) [DEP_WEBPACK_DEV_SERVER_ON_AFTER_SETUP_MIDDLEWARE] DeprecationWarning: 'onAfterSetupMiddleware' option is deprecated. Please use the 'setupMiddlewares' option.
(Use `node --trace-deprecation ...` to show where the warning was created)
(node:1093) [DEP_WEBPACK_DEV_SERVER_ON_BEFORE_SETUP_MIDDLEWARE] DeprecationWarning: 'onBeforeSetupMiddleware' option is deprecated. Please use the 'setupMiddlewares' option.
Starting the development server...

Compiled successfully!

You can now view react-kavia in the browser.

  Local:            http://localhost:3000
  On Your Network:  http://172.17.0.2:3000

Note that the development build is not optimized.
To create a production build, use npm run build.

webpack compiled successfully
Compiling...
Compiled successfully!
webpack compiled successfully
Compiling...
Failed to compile.

[eslint] 
src/components/MainContainer/MainContainer.jsx
Syntax error: Unexpected token (5:0) (5:undefined)
ERROR in ./src/components/MainContainer/MainContainer.jsx
Module build failed (from ./node_modules/babel-loader/lib/index.js):
SyntaxError: /home/kavia/workspace/code-generation/booknest-12166-12174/bookstore_web_app/src/components/MainContainer/MainContainer.jsx: Unexpected token (5:0)

  3 | import 'bootstrap/dist/css/bootstrap.min.css';
  4 | import 'bootstrap/dist/js/bootstrap.bundle.min.js';
> 5 | =======
    | ^
  6 |
  7 | /**
  8 |  * MainContainer - Primary layout container for BookNest application
    at constructor (/home/kavia/workspace/code-generation/booknest-12166-12174/bookstore_web_app/node_modules/@babel/parser/lib/index.js:360:19)
    at FlowParserMixin.raise (/home/kavia/workspace/code-generation/booknest-12166-12174/bookstore_web_app/node_modules/@babel/parser/lib/index.js:3327:19)
    at FlowParserMixin.unexpected (/home/kavia/workspace/code-generation/booknest-12166-12174/bookstore_web_app/node_modules/@babel/parser/lib/index.js:3347:16)
    at FlowParserMixin.parseExprAtom (/home/kavia/workspace/code-generation/booknest-12166-12174/bookstore_web_app/node_modules/@babel/parser/lib/index.js:11126:16)
    at FlowParserMixin.parseExprAtom (/home/kavia/workspace/code-generation/booknest-12166-12174/bookstore_web_app/node_modules/@babel/parser/lib/index.js:6937:20)
    at FlowParserMixin.parseExprSubscripts (/home/kavia/workspace/code-generation/booknest-12166-12174/bookstore_web_app/node_modules/@babel/parser/lib/index.js:10758:23)
    at FlowParserMixin.parseUpdate (/home/kavia/workspace/code-generation/booknest-12166-12174/bookstore_web_app/node_modules/@babel/parser/lib/index.js:10743:21)
    at FlowParserMixin.parseMaybeUnary (/home/kavia/workspace/code-generation/booknest-12166-12174/bookstore_web_app/node_modules/@babel/parser/lib/index.js:10723:23)
    at FlowParserMixin.parseMaybeUnaryOrPrivate (/home/kavia/workspace/code-generation/booknest-12166-12174/bookstore_web_app/node_modules/@babel/parser/lib/index.js:10576:61)
    at FlowParserMixin.parseExprOps (/home/kavia/workspace/code-generation/booknest-12166-12174/bookstore_web_app/node_modules/@babel/parser/lib/index.js:10581:23)
    at FlowParserMixin.parseMaybeConditional (/home/kavia/workspace/code-generation/booknest-12166-12174/bookstore_web_app/node_modules/@babel/parser/lib/index.js:10558:23)
    at FlowParserMixin.parseMaybeAssign (/home/kavia/workspace/code-generation/booknest-12166-12174/bookstore_web_app/node_modules/@babel/parser/lib/index.js:10521:21)
    at FlowParserMixin.parseMaybeAssign (/home/kavia/workspace/code-generation/booknest-12166-12174/bookstore_web_app/node_modules/@babel/parser/lib/index.js:5773:18)
    at FlowParserMixin.parseExpressionBase (/home/kavia/workspace/code-generation/booknest-12166-12174/bookstore_web_app/node_modules/@babel/parser/lib/index.js:10475:23)
    at /home/kavia/workspace/code-generation/booknest-12166-12174/bookstore_web_app/node_modules/@babel/parser/lib/index.js:10471:39
    at FlowParserMixin.allowInAnd (/home/kavia/workspace/code-generation/booknest-12166-12174/bookstore_web_app/node_modules/@babel/parser/lib/index.js:12095:16)
    at FlowParserMixin.parseExpression (/home/kavia/workspace/code-generation/booknest-12166-12174/bookstore_web_app/node_modules/@babel/parser/lib/index.js:10471:17)
    at FlowParserMixin.parseStatementContent (/home/kavia/workspace/code-generation/booknest-12166-12174/bookstore_web_app/node_modules/@babel/parser/lib/index.js:12539:23)
    at FlowParserMixin.parseStatementLike (/home/kavia/workspace/code-generation/booknest-12166-12174/bookstore_web_app/node_modules/@babel/parser/lib/index.js:12406:17)
    at FlowParserMixin.parseStatementLike (/home/kavia/workspace/code-generation/booknest-12166-12174/bookstore_web_app/node_modules/@babel/parser/lib/index.js:5140:24)
    at FlowParserMixin.parseModuleItem (/home/kavia/workspace/code-generation/booknest-12166-12174/bookstore_web_app/node_modules/@babel/parser/lib/index.js:12383:17)
    at FlowParserMixin.parseBlockOrModuleBlockBody (/home/kavia/workspace/code-generation/booknest-12166-12174/bookstore_web_app/node_modules/@babel/parser/lib/index.js:12960:36)
    at FlowParserMixin.parseBlockBody (/home/kavia/workspace/code-generation/booknest-12166-12174/bookstore_web_app/node_modules/@babel/parser/lib/index.js:12953:10)
    at FlowParserMixin.parseProgram (/home/kavia/workspace/code-generation/booknest-12166-12174/bookstore_web_app/node_modules/@babel/parser/lib/index.js:12280:10)
    at FlowParserMixin.parseTopLevel (/home/kavia/workspace/code-generation/booknest-12166-12174/bookstore_web_app/node_modules/@babel/parser/lib/index.js:12270:25)
    at FlowParserMixin.parseTopLevel (/home/kavia/workspace/code-generation/booknest-12166-12174/bookstore_web_app/node_modules/@babel/parser/lib/index.js:5909:28)
    at FlowParserMixin.parse (/home/kavia/workspace/code-generation/booknest-12166-12174/bookstore_web_app/node_modules/@babel/parser/lib/index.js:14120:10)
    at parse (/home/kavia/workspace/code-generation/booknest-12166-12174/bookstore_web_app/node_modules/@babel/parser/lib/index.js:14154:38)
    at parser (/home/kavia/workspace/code-generation/booknest-12166-12174/bookstore_web_app/node_modules/@babel/core/lib/parser/index.js:41:34)
    at parser.next (<anonymous>)
    at normalizeFile (/home/kavia/workspace/code-generation/booknest-12166-12174/bookstore_web_app/node_modules/@babel/core/lib/transformation/normalize-file.js:64:37)
    at normalizeFile.next (<anonymous>)
    at run (/home/kavia/workspace/code-generation/booknest-12166-12174/bookstore_web_app/node_modules/@babel/core/lib/transformation/index.js:22:50)
    at run.next (<anonymous>)
    at transform (/home/kavia/workspace/code-generation/booknest-12166-12174/bookstore_web_app/node_modules/@babel/core/lib/transform.js:22:33)
    at transform.next (<anonymous>)
    at step (/home/kavia/workspace/code-generation/booknest-12166-12174/bookstore_web_app/node_modules/gensync/index.js:261:32)
    at /home/kavia/workspace/code-generation/booknest-12166-12174/bookstore_web_app/node_modules/gensync/index.js:273:13
    at async.call.result.err.err (/home/kavia/workspace/code-generation/booknest-12166-12174/bookstore_web_app/node_modules/gensync/index.js:223:11)

ERROR in [eslint] 
src/components/MainContainer/MainContainer.jsx
  Line 5:  Parsing error: Unexpected token (5:0)

webpack compiled with 2 errors
Failed to compile.

[eslint] 
src/components/MainContainer/MainContainer.jsx
Syntax error: Unexpected token (5:0) (5:undefined)
LOG from webpack.FileSystemInfo
<w> Managed item /home/kavia/workspace/code-generation/booknest-12166-12174/bookstore_web_app/node_modules/react-router-dom isn't a directory or doesn't contain a package.json (see snapshot.managedPaths option)
<w> Managed item /home/kavia/workspace/code-generation/booknest-12166-12174/bookstore_web_app/node_modules/react-router isn't a directory or doesn't contain a package.json (see snapshot.managedPaths option)
+ 14 hidden lines

ERROR in ./src/App.js 28:30-43
export 'BrowserRouter' (imported as 'BrowserRouter') was not found in 'react-router-dom' (module has no exports)

ERROR in ./src/App.js 29:35-41
export 'Routes' (imported as 'Routes') was not found in 'react-router-dom' (module has no exports)

ERROR in ./src/App.js 30:37-42
export 'Route' (imported as 'Route') was not found in 'react-router-dom' (module has no exports)

ERROR in ./src/App.js 37:40-45
export 'Route' (imported as 'Route') was not found in 'react-router-dom' (module has no exports)

ERROR in ./src/App.js 48:39-44
export 'Route' (imported as 'Route') was not found in 'react-router-dom' (module has no exports)

ERROR in ./src/App.js 74:39-44
export 'Route' (imported as 'Route') was not found in 'react-router-dom' (module has no exports)

ERROR in ./src/App.js 100:39-44
export 'Route' (imported as 'Route') was not found in 'react-router-dom' (module has no exports)

ERROR in ./src/App.js 126:39-44
export 'Route' (imported as 'Route') was not found in 'react-router-dom' (module has no exports)

ERROR in ./src/App.js 152:39-44
export 'Route' (imported as 'Route') was not found in 'react-router-dom' (module has no exports)

ERROR in ./src/App.js 178:39-44
export 'Route' (imported as 'Route') was not found in 'react-router-dom' (module has no exports)

ERROR in ./src/components/MainContainer/MainContainer.jsx
Module build failed (from ./node_modules/babel-loader/lib/index.js):
SyntaxError: /home/kavia/workspace/code-generation/booknest-12166-12174/bookstore_web_app/src/components/MainContainer/MainContainer.jsx: Unexpected token (5:0)

  3 | import 'bootstrap/dist/css/bootstrap.min.css';
  4 | import 'bootstrap/dist/js/bootstrap.bundle.min.js';
> 5 | =======
    | ^
  6 |
  7 | /**
  8 |  * MainContainer - Primary layout container for BookNest application
    at constructor (/home/kavia/workspace/code-generation/booknest-12166-12174/bookstore_web_app/node_modules/@babel/parser/lib/index.js:360:19)
    at FlowParserMixin.raise (/home/kavia/workspace/code-generation/booknest-12166-12174/bookstore_web_app/node_modules/@babel/parser/lib/index.js:3327:19)
    at FlowParserMixin.unexpected (/home/kavia/workspace/code-generation/booknest-12166-12174/bookstore_web_app/node_modules/@babel/parser/lib/index.js:3347:16)
    at FlowParserMixin.parseExprAtom (/home/kavia/workspace/code-generation/booknest-12166-12174/bookstore_web_app/node_modules/@babel/parser/lib/index.js:11126:16)
    at FlowParserMixin.parseExprAtom (/home/kavia/workspace/code-generation/booknest-12166-12174/bookstore_web_app/node_modules/@babel/parser/lib/index.js:6937:20)
    at FlowParserMixin.parseExprSubscripts (/home/kavia/workspace/code-generation/booknest-12166-12174/bookstore_web_app/node_modules/@babel/parser/lib/index.js:10758:23)
    at FlowParserMixin.parseUpdate (/home/kavia/workspace/code-generation/booknest-12166-12174/bookstore_web_app/node_modules/@babel/parser/lib/index.js:10743:21)
    at FlowParserMixin.parseMaybeUnary (/home/kavia/workspace/code-generation/booknest-12166-12174/bookstore_web_app/node_modules/@babel/parser/lib/index.js:10723:23)
    at FlowParserMixin.parseMaybeUnaryOrPrivate (/home/kavia/workspace/code-generation/booknest-12166-12174/bookstore_web_app/node_modules/@babel/parser/lib/index.js:10576:61)
    at FlowParserMixin.parseExprOps (/home/kavia/workspace/code-generation/booknest-12166-12174/bookstore_web_app/node_modules/@babel/parser/lib/index.js:10581:23)
    at FlowParserMixin.parseMaybeConditional (/home/kavia/workspace/code-generation/booknest-12166-12174/bookstore_web_app/node_modules/@babel/parser/lib/index.js:10558:23)
    at FlowParserMixin.parseMaybeAssign (/home/kavia/workspace/code-generation/booknest-12166-12174/bookstore_web_app/node_modules/@babel/parser/lib/index.js:10521:21)
    at FlowParserMixin.parseMaybeAssign (/home/kavia/workspace/code-generation/booknest-12166-12174/bookstore_web_app/node_modules/@babel/parser/lib/index.js:5773:18)
    at FlowParserMixin.parseExpressionBase (/home/kavia/workspace/code-generation/booknest-12166-12174/bookstore_web_app/node_modules/@babel/parser/lib/index.js:10475:23)
    at /home/kavia/workspace/code-generation/booknest-12166-12174/bookstore_web_app/node_modules/@babel/parser/lib/index.js:10471:39
    at FlowParserMixin.allowInAnd (/home/kavia/workspace/code-generation/booknest-12166-12174/bookstore_web_app/node_modules/@babel/parser/lib/index.js:12095:16)
    at FlowParserMixin.parseExpression (/home/kavia/workspace/code-generation/booknest-12166-12174/bookstore_web_app/node_modules/@babel/parser/lib/index.js:10471:17)
    at FlowParserMixin.parseStatementContent (/home/kavia/workspace/code-generation/booknest-12166-12174/bookstore_web_app/node_modules/@babel/parser/lib/index.js:12539:23)
    at FlowParserMixin.parseStatementLike (/home/kavia/workspace/code-generation/booknest-12166-12174/bookstore_web_app/node_modules/@babel/parser/lib/index.js:12406:17)
    at FlowParserMixin.parseStatementLike (/home/kavia/workspace/code-generation/booknest-12166-12174/bookstore_web_app/node_modules/@babel/parser/lib/index.js:5140:24)
    at FlowParserMixin.parseModuleItem (/home/kavia/workspace/code-generation/booknest-12166-12174/bookstore_web_app/node_modules/@babel/parser/lib/index.js:12383:17)
    at FlowParserMixin.parseBlockOrModuleBlockBody (/home/kavia/workspace/code-generation/booknest-12166-12174/bookstore_web_app/node_modules/@babel/parser/lib/index.js:12960:36)
    at FlowParserMixin.parseBlockBody (/home/kavia/workspace/code-generation/booknest-12166-12174/bookstore_web_app/node_modules/@babel/parser/lib/index.js:12953:10)
    at FlowParserMixin.parseProgram (/home/kavia/workspace/code-generation/booknest-12166-12174/bookstore_web_app/node_modules/@babel/parser/lib/index.js:12280:10)
    at FlowParserMixin.parseTopLevel (/home/kavia/workspace/code-generation/booknest-12166-12174/bookstore_web_app/node_modules/@babel/parser/lib/index.js:12270:25)
    at FlowParserMixin.parseTopLevel (/home/kavia/workspace/code-generation/booknest-12166-12174/bookstore_web_app/node_modules/@babel/parser/lib/index.js:5909:28)
    at FlowParserMixin.parse (/home/kavia/workspace/code-generation/booknest-12166-12174/bookstore_web_app/node_modules/@babel/parser/lib/index.js:14120:10)
    at parse (/home/kavia/workspace/code-generation/booknest-12166-12174/bookstore_web_app/node_modules/@babel/parser/lib/index.js:14154:38)
    at parser (/home/kavia/workspace/code-generation/booknest-12166-12174/bookstore_web_app/node_modules/@babel/core/lib/parser/index.js:41:34)
    at parser.next (<anonymous>)
    at normalizeFile (/home/kavia/workspace/code-generation/booknest-12166-12174/bookstore_web_app/node_modules/@babel/core/lib/transformation/normalize-file.js:64:37)
    at normalizeFile.next (<anonymous>)
    at run (/home/kavia/workspace/code-generation/booknest-12166-12174/bookstore_web_app/node_modules/@babel/core/lib/transformation/index.js:22:50)
    at run.next (<anonymous>)
    at transform (/home/kavia/workspace/code-generation/booknest-12166-12174/bookstore_web_app/node_modules/@babel/core/lib/transform.js:22:33)
    at transform.next (<anonymous>)
    at step (/home/kavia/workspace/code-generation/booknest-12166-12174/bookstore_web_app/node_modules/gensync/index.js:261:32)
    at /home/kavia/workspace/code-generation/booknest-12166-12174/bookstore_web_app/node_modules/gensync/index.js:273:13
    at async.call.result.err.err (/home/kavia/workspace/code-generation/booknest-12166-12174/bookstore_web_app/node_modules/gensync/index.js:223:11)

ERROR in ./src/pages/NotFound.jsx 39:35-39
export 'Link' (imported as 'Link') was not found in 'react-router-dom' (module has no exports)

ERROR in ./node_modules/react-router-dom/dist/index.mjs 13:0-66
Module not found: Error: Can't resolve 'react-router/dom' in '/home/kavia/workspace/code-generation/booknest-12166-12174/bookstore_web_app/node_modules/react-router-dom/dist'

ERROR in ./node_modules/react-router-dom/dist/index.mjs 14:0-29
Module not found: Error: Can't resolve 'react-router' in '/home/kavia/workspace/code-generation/booknest-12166-12174/bookstore_web_app/node_modules/react-router-dom/dist'

ERROR in [eslint] 
src/components/MainContainer/MainContainer.jsx
  Line 5:  Parsing error: Unexpected token (5:0)

webpack compiled with 15 errors
Compiling...
Failed to compile.

[eslint] 
src/components/MainContainer/MainContainer.jsx
Syntax error: Unexpected token (5:0) (5:undefined)
LOG from webpack.FileSystemInfo
<w> Managed item /home/kavia/workspace/code-generation/booknest-12166-12174/bookstore_web_app/node_modules/react-router-dom isn't a directory or doesn't contain a package.json (see snapshot.managedPaths option)
+ 13 hidden lines

ERROR in ./src/App.js 28:30-43
export 'BrowserRouter' (imported as 'BrowserRouter') was not found in 'react-router-dom' (module has no exports)

ERROR in ./src/App.js 29:35-41
export 'Routes' (imported as 'Routes') was not found in 'react-router-dom' (module has no exports)

ERROR in ./src/App.js 30:37-42
export 'Route' (imported as 'Route') was not found in 'react-router-dom' (module has no exports)

ERROR in ./src/App.js 37:40-45
export 'Route' (imported as 'Route') was not found in 'react-router-dom' (module has no exports)

ERROR in ./src/App.js 48:39-44
export 'Route' (imported as 'Route') was not found in 'react-router-dom' (module has no exports)

ERROR in ./src/App.js 74:39-44
export 'Route' (imported as 'Route') was not found in 'react-router-dom' (module has no exports)

ERROR in ./src/App.js 100:39-44
export 'Route' (imported as 'Route') was not found in 'react-router-dom' (module has no exports)

ERROR in ./src/App.js 126:39-44
export 'Route' (imported as 'Route') was not found in 'react-router-dom' (module has no exports)

ERROR in ./src/App.js 152:39-44
export 'Route' (imported as 'Route') was not found in 'react-router-dom' (module has no exports)

ERROR in ./src/App.js 178:39-44
export 'Route' (imported as 'Route') was not found in 'react-router-dom' (module has no exports)

ERROR in ./src/components/MainContainer/MainContainer.jsx
Module build failed (from ./node_modules/babel-loader/lib/index.js):
SyntaxError: /home/kavia/workspace/code-generation/booknest-12166-12174/bookstore_web_app/src/components/MainContainer/MainContainer.jsx: Unexpected token (5:0)

  3 | import 'bootstrap/dist/css/bootstrap.min.css';
  4 | import 'bootstrap/dist/js/bootstrap.bundle.min.js';
> 5 | =======
    | ^
  6 |
  7 | /**
  8 |  * MainContainer - Primary layout container for BookNest application
    at constructor (/home/kavia/workspace/code-generation/booknest-12166-12174/bookstore_web_app/node_modules/@babel/parser/lib/index.js:360:19)
    at FlowParserMixin.raise (/home/kavia/workspace/code-generation/booknest-12166-12174/bookstore_web_app/node_modules/@babel/parser/lib/index.js:3327:19)
    at FlowParserMixin.unexpected (/home/kavia/workspace/code-generation/booknest-12166-12174/bookstore_web_app/node_modules/@babel/parser/lib/index.js:3347:16)
    at FlowParserMixin.parseExprAtom (/home/kavia/workspace/code-generation/booknest-12166-12174/bookstore_web_app/node_modules/@babel/parser/lib/index.js:11126:16)
    at FlowParserMixin.parseExprAtom (/home/kavia/workspace/code-generation/booknest-12166-12174/bookstore_web_app/node_modules/@babel/parser/lib/index.js:6937:20)
    at FlowParserMixin.parseExprSubscripts (/home/kavia/workspace/code-generation/booknest-12166-12174/bookstore_web_app/node_modules/@babel/parser/lib/index.js:10758:23)
    at FlowParserMixin.parseUpdate (/home/kavia/workspace/code-generation/booknest-12166-12174/bookstore_web_app/node_modules/@babel/parser/lib/index.js:10743:21)
    at FlowParserMixin.parseMaybeUnary (/home/kavia/workspace/code-generation/booknest-12166-12174/bookstore_web_app/node_modules/@babel/parser/lib/index.js:10723:23)
    at FlowParserMixin.parseMaybeUnaryOrPrivate (/home/kavia/workspace/code-generation/booknest-12166-12174/bookstore_web_app/node_modules/@babel/parser/lib/index.js:10576:61)
    at FlowParserMixin.parseExprOps (/home/kavia/workspace/code-generation/booknest-12166-12174/bookstore_web_app/node_modules/@babel/parser/lib/index.js:10581:23)
    at FlowParserMixin.parseMaybeConditional (/home/kavia/workspace/code-generation/booknest-12166-12174/bookstore_web_app/node_modules/@babel/parser/lib/index.js:10558:23)
    at FlowParserMixin.parseMaybeAssign (/home/kavia/workspace/code-generation/booknest-12166-12174/bookstore_web_app/node_modules/@babel/parser/lib/index.js:10521:21)
    at FlowParserMixin.parseMaybeAssign (/home/kavia/workspace/code-generation/booknest-12166-12174/bookstore_web_app/node_modules/@babel/parser/lib/index.js:5773:18)
    at FlowParserMixin.parseExpressionBase (/home/kavia/workspace/code-generation/booknest-12166-12174/bookstore_web_app/node_modules/@babel/parser/lib/index.js:10475:23)
    at /home/kavia/workspace/code-generation/booknest-12166-12174/bookstore_web_app/node_modules/@babel/parser/lib/index.js:10471:39
    at FlowParserMixin.allowInAnd (/home/kavia/workspace/code-generation/booknest-12166-12174/bookstore_web_app/node_modules/@babel/parser/lib/index.js:12095:16)
    at FlowParserMixin.parseExpression (/home/kavia/workspace/code-generation/booknest-12166-12174/bookstore_web_app/node_modules/@babel/parser/lib/index.js:10471:17)
    at FlowParserMixin.parseStatementContent (/home/kavia/workspace/code-generation/booknest-12166-12174/bookstore_web_app/node_modules/@babel/parser/lib/index.js:12539:23)
    at FlowParserMixin.parseStatementLike (/home/kavia/workspace/code-generation/booknest-12166-12174/bookstore_web_app/node_modules/@babel/parser/lib/index.js:12406:17)
    at FlowParserMixin.parseStatementLike (/home/kavia/workspace/code-generation/booknest-12166-12174/bookstore_web_app/node_modules/@babel/parser/lib/index.js:5140:24)
    at FlowParserMixin.parseModuleItem (/home/kavia/workspace/code-generation/booknest-12166-12174/bookstore_web_app/node_modules/@babel/parser/lib/index.js:12383:17)
    at FlowParserMixin.parseBlockOrModuleBlockBody (/home/kavia/workspace/code-generation/booknest-12166-12174/bookstore_web_app/node_modules/@babel/parser/lib/index.js:12960:36)
    at FlowParserMixin.parseBlockBody (/home/kavia/workspace/code-generation/booknest-12166-12174/bookstore_web_app/node_modules/@babel/parser/lib/index.js:12953:10)
    at FlowParserMixin.parseProgram (/home/kavia/workspace/code-generation/booknest-12166-12174/bookstore_web_app/node_modules/@babel/parser/lib/index.js:12280:10)
    at FlowParserMixin.parseTopLevel (/home/kavia/workspace/code-generation/booknest-12166-12174/bookstore_web_app/node_modules/@babel/parser/lib/index.js:12270:25)
    at FlowParserMixin.parseTopLevel (/home/kavia/workspace/code-generation/booknest-12166-12174/bookstore_web_app/node_modules/@babel/parser/lib/index.js:5909:28)
    at FlowParserMixin.parse (/home/kavia/workspace/code-generation/booknest-12166-12174/bookstore_web_app/node_modules/@babel/parser/lib/index.js:14120:10)
    at parse (/home/kavia/workspace/code-generation/booknest-12166-12174/bookstore_web_app/node_modules/@babel/parser/lib/index.js:14154:38)
    at parser (/home/kavia/workspace/code-generation/booknest-12166-12174/bookstore_web_app/node_modules/@babel/core/lib/parser/index.js:41:34)
    at parser.next (<anonymous>)
    at normalizeFile (/home/kavia/workspace/code-generation/booknest-12166-12174/bookstore_web_app/node_modules/@babel/core/lib/transformation/normalize-file.js:64:37)
    at normalizeFile.next (<anonymous>)
    at run (/home/kavia/workspace/code-generation/booknest-12166-12174/bookstore_web_app/node_modules/@babel/core/lib/transformation/index.js:22:50)
    at run.next (<anonymous>)
    at transform (/home/kavia/workspace/code-generation/booknest-12166-12174/bookstore_web_app/node_modules/@babel/core/lib/transform.js:22:33)
    at transform.next (<anonymous>)
    at step (/home/kavia/workspace/code-generation/booknest-12166-12174/bookstore_web_app/node_modules/gensync/index.js:261:32)
    at /home/kavia/workspace/code-generation/booknest-12166-12174/bookstore_web_app/node_modules/gensync/index.js:273:13
    at async.call.result.err.err (/home/kavia/workspace/code-generation/booknest-12166-12174/bookstore_web_app/node_modules/gensync/index.js:223:11)

ERROR in ./src/pages/NotFound.jsx 39:35-39
export 'Link' (imported as 'Link') was not found in 'react-router-dom' (module has no exports)

ERROR in ./node_modules/react-router-dom/dist/index.mjs 13:0-66
Module not found: Error: Can't resolve 'react-router/dom' in '/home/kavia/workspace/code-generation/booknest-12166-12174/bookstore_web_app/node_modules/react-router-dom/dist'

ERROR in [eslint] 
src/components/MainContainer/MainContainer.jsx
  Line 5:  Parsing error: Unexpected token (5:0)

webpack compiled with 14 errors
Compiling...
Failed to compile.

[eslint] 
src/components/MainContainer/MainContainer.jsx
Syntax error: Unexpected token (5:0) (5:undefined)
ERROR in ./src/components/MainContainer/MainContainer.jsx
Module build failed (from ./node_modules/babel-loader/lib/index.js):
SyntaxError: /home/kavia/workspace/code-generation/booknest-12166-12174/bookstore_web_app/src/components/MainContainer/MainContainer.jsx: Unexpected token (5:0)

  3 | import 'bootstrap/dist/css/bootstrap.min.css';
  4 | import 'bootstrap/dist/js/bootstrap.bundle.min.js';
> 5 | =======
    | ^
  6 |
  7 | /**
  8 |  * MainContainer - Primary layout container for BookNest application
    at constructor (/home/kavia/workspace/code-generation/booknest-12166-12174/bookstore_web_app/node_modules/@babel/parser/lib/index.js:360:19)
    at FlowParserMixin.raise (/home/kavia/workspace/code-generation/booknest-12166-12174/bookstore_web_app/node_modules/@babel/parser/lib/index.js:3327:19)
    at FlowParserMixin.unexpected (/home/kavia/workspace/code-generation/booknest-12166-12174/bookstore_web_app/node_modules/@babel/parser/lib/index.js:3347:16)
    at FlowParserMixin.parseExprAtom (/home/kavia/workspace/code-generation/booknest-12166-12174/bookstore_web_app/node_modules/@babel/parser/lib/index.js:11126:16)
    at FlowParserMixin.parseExprAtom (/home/kavia/workspace/code-generation/booknest-12166-12174/bookstore_web_app/node_modules/@babel/parser/lib/index.js:6937:20)
    at FlowParserMixin.parseExprSubscripts (/home/kavia/workspace/code-generation/booknest-12166-12174/bookstore_web_app/node_modules/@babel/parser/lib/index.js:10758:23)
    at FlowParserMixin.parseUpdate (/home/kavia/workspace/code-generation/booknest-12166-12174/bookstore_web_app/node_modules/@babel/parser/lib/index.js:10743:21)
    at FlowParserMixin.parseMaybeUnary (/home/kavia/workspace/code-generation/booknest-12166-12174/bookstore_web_app/node_modules/@babel/parser/lib/index.js:10723:23)
    at FlowParserMixin.parseMaybeUnaryOrPrivate (/home/kavia/workspace/code-generation/booknest-12166-12174/bookstore_web_app/node_modules/@babel/parser/lib/index.js:10576:61)
    at FlowParserMixin.parseExprOps (/home/kavia/workspace/code-generation/booknest-12166-12174/bookstore_web_app/node_modules/@babel/parser/lib/index.js:10581:23)
    at FlowParserMixin.parseMaybeConditional (/home/kavia/workspace/code-generation/booknest-12166-12174/bookstore_web_app/node_modules/@babel/parser/lib/index.js:10558:23)
    at FlowParserMixin.parseMaybeAssign (/home/kavia/workspace/code-generation/booknest-12166-12174/bookstore_web_app/node_modules/@babel/parser/lib/index.js:10521:21)
    at FlowParserMixin.parseMaybeAssign (/home/kavia/workspace/code-generation/booknest-12166-12174/bookstore_web_app/node_modules/@babel/parser/lib/index.js:5773:18)
    at FlowParserMixin.parseExpressionBase (/home/kavia/workspace/code-generation/booknest-12166-12174/bookstore_web_app/node_modules/@babel/parser/lib/index.js:10475:23)
    at /home/kavia/workspace/code-generation/booknest-12166-12174/bookstore_web_app/node_modules/@babel/parser/lib/index.js:10471:39
    at FlowParserMixin.allowInAnd (/home/kavia/workspace/code-generation/booknest-12166-12174/bookstore_web_app/node_modules/@babel/parser/lib/index.js:12095:16)
    at FlowParserMixin.parseExpression (/home/kavia/workspace/code-generation/booknest-12166-12174/bookstore_web_app/node_modules/@babel/parser/lib/index.js:10471:17)
    at FlowParserMixin.parseStatementContent (/home/kavia/workspace/code-generation/booknest-12166-12174/bookstore_web_app/node_modules/@babel/parser/lib/index.js:12539:23)
    at FlowParserMixin.parseStatementLike (/home/kavia/workspace/code-generation/booknest-12166-12174/bookstore_web_app/node_modules/@babel/parser/lib/index.js:12406:17)
    at FlowParserMixin.parseStatementLike (/home/kavia/workspace/code-generation/booknest-12166-12174/bookstore_web_app/node_modules/@babel/parser/lib/index.js:5140:24)
    at FlowParserMixin.parseModuleItem (/home/kavia/workspace/code-generation/booknest-12166-12174/bookstore_web_app/node_modules/@babel/parser/lib/index.js:12383:17)
    at FlowParserMixin.parseBlockOrModuleBlockBody (/home/kavia/workspace/code-generation/booknest-12166-12174/bookstore_web_app/node_modules/@babel/parser/lib/index.js:12960:36)
    at FlowParserMixin.parseBlockBody (/home/kavia/workspace/code-generation/booknest-12166-12174/bookstore_web_app/node_modules/@babel/parser/lib/index.js:12953:10)
    at FlowParserMixin.parseProgram (/home/kavia/workspace/code-generation/booknest-12166-12174/bookstore_web_app/node_modules/@babel/parser/lib/index.js:12280:10)
    at FlowParserMixin.parseTopLevel (/home/kavia/workspace/code-generation/booknest-12166-12174/bookstore_web_app/node_modules/@babel/parser/lib/index.js:12270:25)
    at FlowParserMixin.parseTopLevel (/home/kavia/workspace/code-generation/booknest-12166-12174/bookstore_web_app/node_modules/@babel/parser/lib/index.js:5909:28)
    at FlowParserMixin.parse (/home/kavia/workspace/code-generation/booknest-12166-12174/bookstore_web_app/node_modules/@babel/parser/lib/index.js:14120:10)
    at parse (/home/kavia/workspace/code-generation/booknest-12166-12174/bookstore_web_app/node_modules/@babel/parser/lib/index.js:14154:38)
    at parser (/home/kavia/workspace/code-generation/booknest-12166-12174/bookstore_web_app/node_modules/@babel/core/lib/parser/index.js:41:34)
    at parser.next (<anonymous>)
    at normalizeFile (/home/kavia/workspace/code-generation/booknest-12166-12174/bookstore_web_app/node_modules/@babel/core/lib/transformation/normalize-file.js:64:37)
    at normalizeFile.next (<anonymous>)
    at run (/home/kavia/workspace/code-generation/booknest-12166-12174/bookstore_web_app/node_modules/@babel/core/lib/transformation/index.js:22:50)
    at run.next (<anonymous>)
    at transform (/home/kavia/workspace/code-generation/booknest-12166-12174/bookstore_web_app/node_modules/@babel/core/lib/transform.js:22:33)
    at transform.next (<anonymous>)
    at step (/home/kavia/workspace/code-generation/booknest-12166-12174/bookstore_web_app/node_modules/gensync/index.js:261:32)
    at /home/kavia/workspace/code-generation/booknest-12166-12174/bookstore_web_app/node_modules/gensync/index.js:273:13
    at async.call.result.err.err (/home/kavia/workspace/code-generation/booknest-12166-12174/bookstore_web_app/node_modules/gensync/index.js:223:11)

ERROR in ./node_modules/react-router-dom/dist/index.mjs
Module build failed (from ./node_modules/source-map-loader/dist/cjs.js):
Error: ENOENT: no such file or directory, open '/home/kavia/workspace/code-generation/booknest-12166-12174/bookstore_web_app/node_modules/react-router-dom/dist/index.mjs'

ERROR in [eslint] 
src/components/MainContainer/MainContainer.jsx
  Line 5:  Parsing error: Unexpected token (5:0)

webpack compiled with 3 errors
Compiling...
Failed to compile.

[eslint] 
src/components/MainContainer/MainContainer.jsx
Syntax error: Unexpected token (5:0) (5:undefined)
ERROR in ./src/components/MainContainer/MainContainer.jsx
Module build failed (from ./node_modules/babel-loader/lib/index.js):
SyntaxError: /home/kavia/workspace/code-generation/booknest-12166-12174/bookstore_web_app/src/components/MainContainer/MainContainer.jsx: Unexpected token (5:0)

  3 | import 'bootstrap/dist/css/bootstrap.min.css';
  4 | import 'bootstrap/dist/js/bootstrap.bundle.min.js';
> 5 | =======
    | ^
  6 |
  7 | /**
  8 |  * MainContainer - Primary layout container for BookNest application
    at constructor (/home/kavia/workspace/code-generation/booknest-12166-12174/bookstore_web_app/node_modules/@babel/parser/lib/index.js:360:19)
    at FlowParserMixin.raise (/home/kavia/workspace/code-generation/booknest-12166-12174/bookstore_web_app/node_modules/@babel/parser/lib/index.js:3327:19)
    at FlowParserMixin.unexpected (/home/kavia/workspace/code-generation/booknest-12166-12174/bookstore_web_app/node_modules/@babel/parser/lib/index.js:3347:16)
    at FlowParserMixin.parseExprAtom (/home/kavia/workspace/code-generation/booknest-12166-12174/bookstore_web_app/node_modules/@babel/parser/lib/index.js:11126:16)
    at FlowParserMixin.parseExprAtom (/home/kavia/workspace/code-generation/booknest-12166-12174/bookstore_web_app/node_modules/@babel/parser/lib/index.js:6937:20)
    at FlowParserMixin.parseExprSubscripts (/home/kavia/workspace/code-generation/booknest-12166-12174/bookstore_web_app/node_modules/@babel/parser/lib/index.js:10758:23)
    at FlowParserMixin.parseUpdate (/home/kavia/workspace/code-generation/booknest-12166-12174/bookstore_web_app/node_modules/@babel/parser/lib/index.js:10743:21)
    at FlowParserMixin.parseMaybeUnary (/home/kavia/workspace/code-generation/booknest-12166-12174/bookstore_web_app/node_modules/@babel/parser/lib/index.js:10723:23)
    at FlowParserMixin.parseMaybeUnaryOrPrivate (/home/kavia/workspace/code-generation/booknest-12166-12174/bookstore_web_app/node_modules/@babel/parser/lib/index.js:10576:61)
    at FlowParserMixin.parseExprOps (/home/kavia/workspace/code-generation/booknest-12166-12174/bookstore_web_app/node_modules/@babel/parser/lib/index.js:10581:23)
    at FlowParserMixin.parseMaybeConditional (/home/kavia/workspace/code-generation/booknest-12166-12174/bookstore_web_app/node_modules/@babel/parser/lib/index.js:10558:23)
    at FlowParserMixin.parseMaybeAssign (/home/kavia/workspace/code-generation/booknest-12166-12174/bookstore_web_app/node_modules/@babel/parser/lib/index.js:10521:21)
    at FlowParserMixin.parseMaybeAssign (/home/kavia/workspace/code-generation/booknest-12166-12174/bookstore_web_app/node_modules/@babel/parser/lib/index.js:5773:18)
    at FlowParserMixin.parseExpressionBase (/home/kavia/workspace/code-generation/booknest-12166-12174/bookstore_web_app/node_modules/@babel/parser/lib/index.js:10475:23)
    at /home/kavia/workspace/code-generation/booknest-12166-12174/bookstore_web_app/node_modules/@babel/parser/lib/index.js:10471:39
    at FlowParserMixin.allowInAnd (/home/kavia/workspace/code-generation/booknest-12166-12174/bookstore_web_app/node_modules/@babel/parser/lib/index.js:12095:16)
    at FlowParserMixin.parseExpression (/home/kavia/workspace/code-generation/booknest-12166-12174/bookstore_web_app/node_modules/@babel/parser/lib/index.js:10471:17)
    at FlowParserMixin.parseStatementContent (/home/kavia/workspace/code-generation/booknest-12166-12174/bookstore_web_app/node_modules/@babel/parser/lib/index.js:12539:23)
    at FlowParserMixin.parseStatementLike (/home/kavia/workspace/code-generation/booknest-12166-12174/bookstore_web_app/node_modules/@babel/parser/lib/index.js:12406:17)
    at FlowParserMixin.parseStatementLike (/home/kavia/workspace/code-generation/booknest-12166-12174/bookstore_web_app/node_modules/@babel/parser/lib/index.js:5140:24)
    at FlowParserMixin.parseModuleItem (/home/kavia/workspace/code-generation/booknest-12166-12174/bookstore_web_app/node_modules/@babel/parser/lib/index.js:12383:17)
    at FlowParserMixin.parseBlockOrModuleBlockBody (/home/kavia/workspace/code-generation/booknest-12166-12174/bookstore_web_app/node_modules/@babel/parser/lib/index.js:12960:36)
    at FlowParserMixin.parseBlockBody (/home/kavia/workspace/code-generation/booknest-12166-12174/bookstore_web_app/node_modules/@babel/parser/lib/index.js:12953:10)
    at FlowParserMixin.parseProgram (/home/kavia/workspace/code-generation/booknest-12166-12174/bookstore_web_app/node_modules/@babel/parser/lib/index.js:12280:10)
    at FlowParserMixin.parseTopLevel (/home/kavia/workspace/code-generation/booknest-12166-12174/bookstore_web_app/node_modules/@babel/parser/lib/index.js:12270:25)
    at FlowParserMixin.parseTopLevel (/home/kavia/workspace/code-generation/booknest-12166-12174/bookstore_web_app/node_modules/@babel/parser/lib/index.js:5909:28)
    at FlowParserMixin.parse (/home/kavia/workspace/code-generation/booknest-12166-12174/bookstore_web_app/node_modules/@babel/parser/lib/index.js:14120:10)
    at parse (/home/kavia/workspace/code-generation/booknest-12166-12174/bookstore_web_app/node_modules/@babel/parser/lib/index.js:14154:38)
    at parser (/home/kavia/workspace/code-generation/booknest-12166-12174/bookstore_web_app/node_modules/@babel/core/lib/parser/index.js:41:34)
    at parser.next (<anonymous>)
    at normalizeFile (/home/kavia/workspace/code-generation/booknest-12166-12174/bookstore_web_app/node_modules/@babel/core/lib/transformation/normalize-file.js:64:37)
    at normalizeFile.next (<anonymous>)
    at run (/home/kavia/workspace/code-generation/booknest-12166-12174/bookstore_web_app/node_modules/@babel/core/lib/transformation/index.js:22:50)
    at run.next (<anonymous>)
    at transform (/home/kavia/workspace/code-generation/booknest-12166-12174/bookstore_web_app/node_modules/@babel/core/lib/transform.js:22:33)
    at transform.next (<anonymous>)
    at step (/home/kavia/workspace/code-generation/booknest-12166-12174/bookstore_web_app/node_modules/gensync/index.js:261:32)
    at /home/kavia/workspace/code-generation/booknest-12166-12174/bookstore_web_app/node_modules/gensync/index.js:273:13
    at async.call.result.err.err (/home/kavia/workspace/code-generation/booknest-12166-12174/bookstore_web_app/node_modules/gensync/index.js:223:11)

ERROR in ./node_modules/react-router-dom/dist/index.mjs
Module build failed (from ./node_modules/source-map-loader/dist/cjs.js):
Error: ENOENT: no such file or directory, open '/home/kavia/workspace/code-generation/booknest-12166-12174/bookstore_web_app/node_modules/react-router-dom/dist/index.mjs'

ERROR in [eslint] 
src/components/MainContainer/MainContainer.jsx
  Line 5:  Parsing error: Unexpected token (5:0)

webpack compiled with 3 errors
Compiling...
Failed to compile.

[eslint] 
src/components/MainContainer/MainContainer.jsx
Syntax error: Unexpected token (5:0) (5:undefined)
ERROR in ./src/components/MainContainer/MainContainer.jsx
Module build failed (from ./node_modules/babel-loader/lib/index.js):
SyntaxError: /home/kavia/workspace/code-generation/booknest-12166-12174/bookstore_web_app/src/components/MainContainer/MainContainer.jsx: Unexpected token (5:0)

  3 | import 'bootstrap/dist/css/bootstrap.min.css';
  4 | import 'bootstrap/dist/js/bootstrap.bundle.min.js';
> 5 | =======
    | ^
  6 |
  7 | /**
  8 |  * MainContainer - Primary layout container for BookNest application
    at constructor (/home/kavia/workspace/code-generation/booknest-12166-12174/bookstore_web_app/node_modules/@babel/parser/lib/index.js:360:19)
    at FlowParserMixin.raise (/home/kavia/workspace/code-generation/booknest-12166-12174/bookstore_web_app/node_modules/@babel/parser/lib/index.js:3327:19)
    at FlowParserMixin.unexpected (/home/kavia/workspace/code-generation/booknest-12166-12174/bookstore_web_app/node_modules/@babel/parser/lib/index.js:3347:16)
    at FlowParserMixin.parseExprAtom (/home/kavia/workspace/code-generation/booknest-12166-12174/bookstore_web_app/node_modules/@babel/parser/lib/index.js:11126:16)
    at FlowParserMixin.parseExprAtom (/home/kavia/workspace/code-generation/booknest-12166-12174/bookstore_web_app/node_modules/@babel/parser/lib/index.js:6937:20)
    at FlowParserMixin.parseExprSubscripts (/home/kavia/workspace/code-generation/booknest-12166-12174/bookstore_web_app/node_modules/@babel/parser/lib/index.js:10758:23)
    at FlowParserMixin.parseUpdate (/home/kavia/workspace/code-generation/booknest-12166-12174/bookstore_web_app/node_modules/@babel/parser/lib/index.js:10743:21)
    at FlowParserMixin.parseMaybeUnary (/home/kavia/workspace/code-generation/booknest-12166-12174/bookstore_web_app/node_modules/@babel/parser/lib/index.js:10723:23)
    at FlowParserMixin.parseMaybeUnaryOrPrivate (/home/kavia/workspace/code-generation/booknest-12166-12174/bookstore_web_app/node_modules/@babel/parser/lib/index.js:10576:61)
    at FlowParserMixin.parseExprOps (/home/kavia/workspace/code-generation/booknest-12166-12174/bookstore_web_app/node_modules/@babel/parser/lib/index.js:10581:23)
    at FlowParserMixin.parseMaybeConditional (/home/kavia/workspace/code-generation/booknest-12166-12174/bookstore_web_app/node_modules/@babel/parser/lib/index.js:10558:23)
    at FlowParserMixin.parseMaybeAssign (/home/kavia/workspace/code-generation/booknest-12166-12174/bookstore_web_app/node_modules/@babel/parser/lib/index.js:10521:21)
    at FlowParserMixin.parseMaybeAssign (/home/kavia/workspace/code-generation/booknest-12166-12174/bookstore_web_app/node_modules/@babel/parser/lib/index.js:5773:18)
    at FlowParserMixin.parseExpressionBase (/home/kavia/workspace/code-generation/booknest-12166-12174/bookstore_web_app/node_modules/@babel/parser/lib/index.js:10475:23)
    at /home/kavia/workspace/code-generation/booknest-12166-12174/bookstore_web_app/node_modules/@babel/parser/lib/index.js:10471:39
    at FlowParserMixin.allowInAnd (/home/kavia/workspace/code-generation/booknest-12166-12174/bookstore_web_app/node_modules/@babel/parser/lib/index.js:12095:16)
    at FlowParserMixin.parseExpression (/home/kavia/workspace/code-generation/booknest-12166-12174/bookstore_web_app/node_modules/@babel/parser/lib/index.js:10471:17)
    at FlowParserMixin.parseStatementContent (/home/kavia/workspace/code-generation/booknest-12166-12174/bookstore_web_app/node_modules/@babel/parser/lib/index.js:12539:23)
    at FlowParserMixin.parseStatementLike (/home/kavia/workspace/code-generation/booknest-12166-12174/bookstore_web_app/node_modules/@babel/parser/lib/index.js:12406:17)
    at FlowParserMixin.parseStatementLike (/home/kavia/workspace/code-generation/booknest-12166-12174/bookstore_web_app/node_modules/@babel/parser/lib/index.js:5140:24)
    at FlowParserMixin.parseModuleItem (/home/kavia/workspace/code-generation/booknest-12166-12174/bookstore_web_app/node_modules/@babel/parser/lib/index.js:12383:17)
    at FlowParserMixin.parseBlockOrModuleBlockBody (/home/kavia/workspace/code-generation/booknest-12166-12174/bookstore_web_app/node_modules/@babel/parser/lib/index.js:12960:36)
    at FlowParserMixin.parseBlockBody (/home/kavia/workspace/code-generation/booknest-12166-12174/bookstore_web_app/node_modules/@babel/parser/lib/index.js:12953:10)
    at FlowParserMixin.parseProgram (/home/kavia/workspace/code-generation/booknest-12166-12174/bookstore_web_app/node_modules/@babel/parser/lib/index.js:12280:10)
    at FlowParserMixin.parseTopLevel (/home/kavia/workspace/code-generation/booknest-12166-12174/bookstore_web_app/node_modules/@babel/parser/lib/index.js:12270:25)
    at FlowParserMixin.parseTopLevel (/home/kavia/workspace/code-generation/booknest-12166-12174/bookstore_web_app/node_modules/@babel/parser/lib/index.js:5909:28)
    at FlowParserMixin.parse (/home/kavia/workspace/code-generation/booknest-12166-12174/bookstore_web_app/node_modules/@babel/parser/lib/index.js:14120:10)
    at parse (/home/kavia/workspace/code-generation/booknest-12166-12174/bookstore_web_app/node_modules/@babel/parser/lib/index.js:14154:38)
    at parser (/home/kavia/workspace/code-generation/booknest-12166-12174/bookstore_web_app/node_modules/@babel/core/lib/parser/index.js:41:34)
    at parser.next (<anonymous>)
    at normalizeFile (/home/kavia/workspace/code-generation/booknest-12166-12174/bookstore_web_app/node_modules/@babel/core/lib/transformation/normalize-file.js:64:37)
    at normalizeFile.next (<anonymous>)
    at run (/home/kavia/workspace/code-generation/booknest-12166-12174/bookstore_web_app/node_modules/@babel/core/lib/transformation/index.js:22:50)
    at run.next (<anonymous>)
    at transform (/home/kavia/workspace/code-generation/booknest-12166-12174/bookstore_web_app/node_modules/@babel/core/lib/transform.js:22:33)
    at transform.next (<anonymous>)
    at step (/home/kavia/workspace/code-generation/booknest-12166-12174/bookstore_web_app/node_modules/gensync/index.js:261:32)
    at /home/kavia/workspace/code-generation/booknest-12166-12174/bookstore_web_app/node_modules/gensync/index.js:273:13
    at async.call.result.err.err (/home/kavia/workspace/code-generation/booknest-12166-12174/bookstore_web_app/node_modules/gensync/index.js:223:11)

ERROR in ./node_modules/react-router-dom/dist/index.mjs
Module build failed (from ./node_modules/source-map-loader/dist/cjs.js):
Error: ENOENT: no such file or directory, open '/home/kavia/workspace/code-generation/booknest-12166-12174/bookstore_web_app/node_modules/react-router-dom/dist/index.mjs'

ERROR in [eslint] 
src/components/MainContainer/MainContainer.jsx
  Line 5:  Parsing error: Unexpected token (5:0)

webpack compiled with 3 errors
Compiling...
Failed to compile.

[eslint] 
src/components/MainContainer/MainContainer.jsx
Syntax error: Unexpected token (5:0) (5:undefined)
ERROR in ./src/components/MainContainer/MainContainer.jsx
Module build failed (from ./node_modules/babel-loader/lib/index.js):
SyntaxError: /home/kavia/workspace/code-generation/booknest-12166-12174/bookstore_web_app/src/components/MainContainer/MainContainer.jsx: Unexpected token (5:0)

  3 | import 'bootstrap/dist/css/bootstrap.min.css';
  4 | import 'bootstrap/dist/js/bootstrap.bundle.min.js';
> 5 | =======
    | ^
  6 |
  7 | /**
  8 |  * MainContainer - Primary layout container for BookNest application
    at constructor (/home/kavia/workspace/code-generation/booknest-12166-12174/bookstore_web_app/node_modules/@babel/parser/lib/index.js:360:19)
    at FlowParserMixin.raise (/home/kavia/workspace/code-generation/booknest-12166-12174/bookstore_web_app/node_modules/@babel/parser/lib/index.js:3327:19)
    at FlowParserMixin.unexpected (/home/kavia/workspace/code-generation/booknest-12166-12174/bookstore_web_app/node_modules/@babel/parser/lib/index.js:3347:16)
    at FlowParserMixin.parseExprAtom (/home/kavia/workspace/code-generation/booknest-12166-12174/bookstore_web_app/node_modules/@babel/parser/lib/index.js:11126:16)
    at FlowParserMixin.parseExprAtom (/home/kavia/workspace/code-generation/booknest-12166-12174/bookstore_web_app/node_modules/@babel/parser/lib/index.js:6937:20)
    at FlowParserMixin.parseExprSubscripts (/home/kavia/workspace/code-generation/booknest-12166-12174/bookstore_web_app/node_modules/@babel/parser/lib/index.js:10758:23)
    at FlowParserMixin.parseUpdate (/home/kavia/workspace/code-generation/booknest-12166-12174/bookstore_web_app/node_modules/@babel/parser/lib/index.js:10743:21)
    at FlowParserMixin.parseMaybeUnary (/home/kavia/workspace/code-generation/booknest-12166-12174/bookstore_web_app/node_modules/@babel/parser/lib/index.js:10723:23)
    at FlowParserMixin.parseMaybeUnaryOrPrivate (/home/kavia/workspace/code-generation/booknest-12166-12174/bookstore_web_app/node_modules/@babel/parser/lib/index.js:10576:61)
    at FlowParserMixin.parseExprOps (/home/kavia/workspace/code-generation/booknest-12166-12174/bookstore_web_app/node_modules/@babel/parser/lib/index.js:10581:23)
    at FlowParserMixin.parseMaybeConditional (/home/kavia/workspace/code-generation/booknest-12166-12174/bookstore_web_app/node_modules/@babel/parser/lib/index.js:10558:23)
    at FlowParserMixin.parseMaybeAssign (/home/kavia/workspace/code-generation/booknest-12166-12174/bookstore_web_app/node_modules/@babel/parser/lib/index.js:10521:21)
    at FlowParserMixin.parseMaybeAssign (/home/kavia/workspace/code-generation/booknest-12166-12174/bookstore_web_app/node_modules/@babel/parser/lib/index.js:5773:18)
    at FlowParserMixin.parseExpressionBase (/home/kavia/workspace/code-generation/booknest-12166-12174/bookstore_web_app/node_modules/@babel/parser/lib/index.js:10475:23)
    at /home/kavia/workspace/code-generation/booknest-12166-12174/bookstore_web_app/node_modules/@babel/parser/lib/index.js:10471:39
    at FlowParserMixin.allowInAnd (/home/kavia/workspace/code-generation/booknest-12166-12174/bookstore_web_app/node_modules/@babel/parser/lib/index.js:12095:16)
    at FlowParserMixin.parseExpression (/home/kavia/workspace/code-generation/booknest-12166-12174/bookstore_web_app/node_modules/@babel/parser/lib/index.js:10471:17)
    at FlowParserMixin.parseStatementContent (/home/kavia/workspace/code-generation/booknest-12166-12174/bookstore_web_app/node_modules/@babel/parser/lib/index.js:12539:23)
    at FlowParserMixin.parseStatementLike (/home/kavia/workspace/code-generation/booknest-12166-12174/bookstore_web_app/node_modules/@babel/parser/lib/index.js:12406:17)
    at FlowParserMixin.parseStatementLike (/home/kavia/workspace/code-generation/booknest-12166-12174/bookstore_web_app/node_modules/@babel/parser/lib/index.js:5140:24)
    at FlowParserMixin.parseModuleItem (/home/kavia/workspace/code-generation/booknest-12166-12174/bookstore_web_app/node_modules/@babel/parser/lib/index.js:12383:17)
    at FlowParserMixin.parseBlockOrModuleBlockBody (/home/kavia/workspace/code-generation/booknest-12166-12174/bookstore_web_app/node_modules/@babel/parser/lib/index.js:12960:36)
    at FlowParserMixin.parseBlockBody (/home/kavia/workspace/code-generation/booknest-12166-12174/bookstore_web_app/node_modules/@babel/parser/lib/index.js:12953:10)
    at FlowParserMixin.parseProgram (/home/kavia/workspace/code-generation/booknest-12166-12174/bookstore_web_app/node_modules/@babel/parser/lib/index.js:12280:10)
    at FlowParserMixin.parseTopLevel (/home/kavia/workspace/code-generation/booknest-12166-12174/bookstore_web_app/node_modules/@babel/parser/lib/index.js:12270:25)
    at FlowParserMixin.parseTopLevel (/home/kavia/workspace/code-generation/booknest-12166-12174/bookstore_web_app/node_modules/@babel/parser/lib/index.js:5909:28)
    at FlowParserMixin.parse (/home/kavia/workspace/code-generation/booknest-12166-12174/bookstore_web_app/node_modules/@babel/parser/lib/index.js:14120:10)
    at parse (/home/kavia/workspace/code-generation/booknest-12166-12174/bookstore_web_app/node_modules/@babel/parser/lib/index.js:14154:38)
    at parser (/home/kavia/workspace/code-generation/booknest-12166-12174/bookstore_web_app/node_modules/@babel/core/lib/parser/index.js:41:34)
    at parser.next (<anonymous>)
    at normalizeFile (/home/kavia/workspace/code-generation/booknest-12166-12174/bookstore_web_app/node_modules/@babel/core/lib/transformation/normalize-file.js:64:37)
    at normalizeFile.next (<anonymous>)
    at run (/home/kavia/workspace/code-generation/booknest-12166-12174/bookstore_web_app/node_modules/@babel/core/lib/transformation/index.js:22:50)
    at run.next (<anonymous>)
    at transform (/home/kavia/workspace/code-generation/booknest-12166-12174/bookstore_web_app/node_modules/@babel/core/lib/transform.js:22:33)
    at transform.next (<anonymous>)
    at step (/home/kavia/workspace/code-generation/booknest-12166-12174/bookstore_web_app/node_modules/gensync/index.js:261:32)
    at /home/kavia/workspace/code-generation/booknest-12166-12174/bookstore_web_app/node_modules/gensync/index.js:273:13
    at async.call.result.err.err (/home/kavia/workspace/code-generation/booknest-12166-12174/bookstore_web_app/node_modules/gensync/index.js:223:11)

ERROR in ./node_modules/react-router-dom/dist/index.mjs
Module build failed (from ./node_modules/source-map-loader/dist/cjs.js):
Error: ENOENT: no such file or directory, open '/home/kavia/workspace/code-generation/booknest-12166-12174/bookstore_web_app/node_modules/react-router-dom/dist/index.mjs'

ERROR in [eslint] 
src/components/MainContainer/MainContainer.jsx
  Line 5:  Parsing error: Unexpected token (5:0)

webpack compiled with 3 errors
